#
# There is insufficient memory for the Java Runtime Environment to continue.
# Native memory allocation (malloc) failed to allocate 1048576 bytes for AllocateHeap
# Possible reasons:
#   The system is out of physical RAM or swap space
#   The process is running with CompressedOops enabled, and the Java Heap may be blocking the growth of the native heap
# Possible solutions:
#   Reduce memory load on the system
#   Increase physical memory or swap space
#   Check if swap backing store is full
#   Decrease Java heap size (-Xmx/-Xms)
#   Decrease number of Java threads
#   Decrease Java thread stack sizes (-Xss)
#   Set larger code cache with -XX:ReservedCodeCacheSize=
#   JVM is running with Unscaled Compressed Oops mode in which the Java heap is
#     placed in the first 4GB address space. The Java Heap base address is the
#     maximum limit for the native heap growth. Please use -XX:HeapBaseMinAddress
#     to set the Java Heap base and to place the Java Heap above 4GB virtual address.
# This output file may be truncated or incomplete.
#
#  Out of Memory Error (./src/hotspot/share/memory/allocation.cpp:46), pid=12208, tid=18668
#
# JRE version:  (11.0.10+9) (build )
# Java VM: OpenJDK 64-Bit Server VM (11.0.10+9, mixed mode, sharing, tiered, compressed oops, g1 gc, windows-amd64)
# No core dump will be written. Minidumps are not enabled by default on client versions of Windows
#

---------------  S U M M A R Y ------------

Command Line: -Dfile.encoding=Cp1252 --module-path=E:\Java progrmas\CrudOperation\bin -Djdk.module.main=crudOperation crudOperation/Crud.StudentDetails

Host: Intel(R) Core(TM) i5-6200U CPU @ 2.30GHz, 4 cores, 3G,  Windows 10 , 64 bit Build 17134 (10.0.17134.753)
Time: Fri Jan 21 21:27:11 2022 India Standard Time elapsed time: 0.014044 seconds (0d 0h 0m 0s)

---------------  T H R E A D  ---------------

Current thread (0x0000019d762e2800):  JavaThread "Unknown thread" [_thread_in_vm, id=18668, stack(0x0000006bb7500000,0x0000006bb7600000)]

Stack: [0x0000006bb7500000,0x0000006bb7600000]
Native frames: (J=compiled Java code, j=interpreted, Vv=VM code, C=native code)
V  [jvm.dll+0x5f35ea]
V  [jvm.dll+0x77c65e]
V  [jvm.dll+0x77dd2f]
V  [jvm.dll+0x77e3f3]
V  [jvm.dll+0x246c38]
V  [jvm.dll+0xb56e4]
V  [jvm.dll+0x2d4b78]
V  [jvm.dll+0x757c67]
V  [jvm.dll+0x7593ff]
V  [jvm.dll+0x351a59]
V  [jvm.dll+0x73aea0]
V  [jvm.dll+0x3b929f]
V  [jvm.dll+0x3bb7a1]
C  [jli.dll+0x520b]
C  [ucrtbase.dll+0x1e3fe]
C  [KERNEL32.DLL+0x14034]
C  [ntdll.dll+0x73691]


---------------  P R O C E S S  ---------------

Threads class SMR info:
_java_thread_list=0x0000019d761c75d0, length=0, elements={
}

Java Threads: ( => current thread )

Other Threads:

=>0x0000019d762e2800 (exited) JavaThread "Unknown thread" [_thread_in_vm, id=18668, stack(0x0000006bb7500000,0x0000006bb7600000)]

Threads with active compile tasks:

VM state:not at safepoint (not fully initialized)

VM Mutex/Monitor currently owned by a thread: None


[error occurred during error reporting (printing compressed oops mode), id 0xc0000005, EXCEPTION_ACCESS_VIOLATION (0xc0000005) at pc=0x00007ffcc9d58a47]

GC Heap History (0 events):
No events

Deoptimization events (0 events):
No events

Classes redefined (0 events):
No events

Internal exceptions (0 events):
No events

Events (1 events):
Event: 0.009 Loaded shared library C:\Program Files\AdoptOpenJDK\jdk-11.0.10.9-hotspot\bin\zip.dll


Dynamic libraries:
0x00007ff6e3d80000 - 0x00007ff6e3d8d000 	C:\Program Files\AdoptOpenJDK\jdk-11.0.10.9-hotspot\bin\javaw.exe
0x00007ffd3e550000 - 0x00007ffd3e731000 	C:\WINDOWS\SYSTEM32\ntdll.dll
0x00007ffcfa640000 - 0x00007ffcfa656000 	C:\Program Files\AVAST Software\Avast\aswhook.dll
0x00007ffd3d310000 - 0x00007ffd3d3c1000 	C:\WINDOWS\System32\KERNEL32.DLL
0x00007ffd3b5b0000 - 0x00007ffd3b823000 	C:\WINDOWS\System32\KERNELBASE.dll
0x00007ffd3b2a0000 - 0x00007ffd3b398000 	C:\WINDOWS\System32\ucrtbase.dll
0x00007ffd105c0000 - 0x00007ffd105d7000 	C:\Program Files\AdoptOpenJDK\jdk-11.0.10.9-hotspot\bin\jli.dll
0x00007ffd105a0000 - 0x00007ffd105b5000 	C:\Program Files\AdoptOpenJDK\jdk-11.0.10.9-hotspot\bin\VCRUNTIME140.dll
0x00007ffd3b9d0000 - 0x00007ffd3bb60000 	C:\WINDOWS\System32\USER32.dll
0x00007ffd3b590000 - 0x00007ffd3b5b0000 	C:\WINDOWS\System32\win32u.dll
0x00007ffd2c020000 - 0x00007ffd2c289000 	C:\WINDOWS\WinSxS\amd64_microsoft.windows.common-controls_6595b64144ccf1df_6.0.17134.1304_none_d3fbe61b7c93d9f0\COMCTL32.dll
0x00007ffd3d3f0000 - 0x00007ffd3d418000 	C:\WINDOWS\System32\GDI32.dll
0x00007ffd3b830000 - 0x00007ffd3b9c1000 	C:\WINDOWS\System32\gdi32full.dll
0x00007ffd3dc00000 - 0x00007ffd3dc9e000 	C:\WINDOWS\System32\msvcrt.dll
0x00007ffd3b200000 - 0x00007ffd3b29f000 	C:\WINDOWS\System32\msvcp_win.dll
0x00007ffd3d4b0000 - 0x00007ffd3d7d1000 	C:\WINDOWS\System32\combase.dll
0x00007ffd3cfe0000 - 0x00007ffd3d104000 	C:\WINDOWS\System32\RPCRT4.dll
0x00007ffd3aa20000 - 0x00007ffd3aa99000 	C:\WINDOWS\System32\bcryptPrimitives.dll
0x00007ffd3cfb0000 - 0x00007ffd3cfdd000 	C:\WINDOWS\System32\IMM32.DLL
0x00007ffcff730000 - 0x00007ffcff7cb000 	C:\Program Files\AdoptOpenJDK\jdk-11.0.10.9-hotspot\bin\msvcp140.dll
0x00007ffcc9600000 - 0x00007ffcca143000 	C:\Program Files\AdoptOpenJDK\jdk-11.0.10.9-hotspot\bin\server\jvm.dll
0x00007ffd3dcb0000 - 0x00007ffd3dd51000 	C:\WINDOWS\System32\ADVAPI32.dll
0x00007ffd3d1c0000 - 0x00007ffd3d21b000 	C:\WINDOWS\System32\sechost.dll
0x00007ffd3dca0000 - 0x00007ffd3dca8000 	C:\WINDOWS\System32\PSAPI.DLL
0x00007ffd2a620000 - 0x00007ffd2a629000 	C:\WINDOWS\SYSTEM32\WSOCK32.dll
0x00007ffd380f0000 - 0x00007ffd38113000 	C:\WINDOWS\SYSTEM32\WINMM.dll
0x00007ffd31480000 - 0x00007ffd3148a000 	C:\WINDOWS\SYSTEM32\VERSION.dll
0x00007ffd3d440000 - 0x00007ffd3d4ac000 	C:\WINDOWS\System32\WS2_32.dll
0x00007ffd380c0000 - 0x00007ffd380ea000 	C:\WINDOWS\SYSTEM32\WINMMBASE.dll
0x00007ffd3b1b0000 - 0x00007ffd3b1f9000 	C:\WINDOWS\System32\cfgmgr32.dll
0x00007ffd3a8d0000 - 0x00007ffd3a8e1000 	C:\WINDOWS\System32\kernel.appcore.dll
0x00007ffd322a0000 - 0x00007ffd322b0000 	C:\Program Files\AdoptOpenJDK\jdk-11.0.10.9-hotspot\bin\verify.dll
0x00007ffd2fc40000 - 0x00007ffd2fe09000 	C:\WINDOWS\SYSTEM32\DBGHELP.DLL
0x00007ffd2fc10000 - 0x00007ffd2fc39000 	C:\WINDOWS\SYSTEM32\dbgcore.DLL
0x00007ffd22480000 - 0x00007ffd224a8000 	C:\Program Files\AdoptOpenJDK\jdk-11.0.10.9-hotspot\bin\java.dll
0x00007ffd31860000 - 0x00007ffd3186a000 	C:\Program Files\AdoptOpenJDK\jdk-11.0.10.9-hotspot\bin\jimage.dll
0x00007ffd2d510000 - 0x00007ffd2d527000 	C:\Program Files\AdoptOpenJDK\jdk-11.0.10.9-hotspot\bin\zip.dll

dbghelp: loaded successfully - version: 4.0.5 - missing functions: none
symbol engine: initialized successfully - sym options: 0x614 - pdb path: .;C:\Program Files\AdoptOpenJDK\jdk-11.0.10.9-hotspot\bin;C:\WINDOWS\SYSTEM32;C:\Program Files\AVAST Software\Avast;C:\WINDOWS\WinSxS\amd64_microsoft.windows.common-controls_6595b64144ccf1df_6.0.17134.1304_none_d3fbe61b7c93d9f0;C:\Program Files\AdoptOpenJDK\jdk-11.0.10.9-hotspot\bin\server

VM Arguments:
jvm_args: -Dfile.encoding=Cp1252 --module-path=E:\Java progrmas\CrudOperation\bin -Djdk.module.main=crudOperation 
java_command: crudOperation/Crud.StudentDetails
java_class_path (initial): D:\software program files (collage)\mysql-connector.jar
Launcher Type: SUN_STANDARD

[Global flags]
     intx CICompilerCount                          = 3                                         {product} {ergonomic}
     uint G1ConcRefinementThreads                  = 4                                         {product} {ergonomic}
   size_t G1HeapRegionSize                         = 1048576                                   {product} {ergonomic}
    uintx GCDrainStackTargetSize                   = 64                                        {product} {ergonomic}
   size_t InitialHeapSize                          = 62914560                                  {product} {ergonomic}
   size_t MaxHeapSize                              = 996147200                                 {product} {ergonomic}
   size_t MinHeapDeltaBytes                        = 1048576                                   {product} {ergonomic}
    uintx NonNMethodCodeHeapSize                   = 5830732                                {pd product} {ergonomic}
    uintx NonProfiledCodeHeapSize                  = 122913754                              {pd product} {ergonomic}
    uintx ProfiledCodeHeapSize                     = 122913754                              {pd product} {ergonomic}
    uintx ReservedCodeCacheSize                    = 251658240                              {pd product} {ergonomic}
     bool SegmentedCodeCache                       = true                                      {product} {ergonomic}
     bool UseCompressedClassPointers               = true                                 {lp64_product} {ergonomic}
     bool UseCompressedOops                        = true                                 {lp64_product} {ergonomic}
     bool UseG1GC                                  = true                                      {product} {ergonomic}
     bool UseLargePagesIndividualAllocation        = false                                  {pd product} {ergonomic}

Logging:
Log output configuration:
 #0: stdout all=warning uptime,level,tags
 #1: stderr all=off uptime,level,tags

Environment Variables:
JAVA_HOME=C:\Program Files\AdoptOpenJDK\jdk-11.0.10.9-hotspot
PATH=C:/Program Files/AdoptOpenJDK/jdk-11.0.10.9-hotspot/bin/client;C:/Program Files/AdoptOpenJDK/jdk-11.0.10.9-hotspot/bin;C:\Program Files\Common Files\Oracle\Java\javapath;D:\software program files (collage)\R-4.1.0\bin;C:\Program Files\AdoptOpenJDK\jdk-11.0.10.9-hotspot\bin;C:\Program Files (x86)\Common Files\Oracle\Java\javapath;C:\ProgramData\Oracle\Java\javapath;C:\Program Files (x86)\Intel\iCLS Client\;C:\Program Files\Intel\iCLS Client\;C:\WINDOWS\system32;C:\WINDOWS;C:\WINDOWS\System32\Wbem;C:\WINDOWS\System32\WindowsPowerShell\v1.0\;C:\Program Files (x86)\Intel\Intel(R) Management Engine Components\DAL;C:\Program Files\Intel\Intel(R) Management Engine Components\DAL;C:\Program Files (x86)\Intel\Intel(R) Management Engine Components\IPT;C:\Program Files\Intel\Intel(R) Management Engine Components\IPT;C:\Program Files\Intel\WiFi\bin\;C:\Program Files\Common Files\Intel\WirelessCommon\;C:\Program Files (x86)\Common Files\Roxio Shared\DLLShared\;C:\Program Files (x86)\Common Files\Roxio Shared\10.0\DLLShared\;C:\Program Files (x86)\Microsoft SQL Server\100\Tools\Binn\;C:\Program Files\Microsoft SQL Server\100\Tools\Binn\;C:\Program Files\Microsoft SQL Server\100\DTS\Binn\;C:\Program Files\Microsoft SQL Server\120\Tools\Binn\;C:\Program Files\Microsoft SQL Server\130\Tools\Binn\;C:\WINDOWS\System32\OpenSSH\;C:\Program Files (x86)\Microsoft SQL Server\100\Tools\Binn\VSShell\Common7\IDE\;C:\Program Files (x86)\Microsoft SQL Server\100\DTS\Binn\;C:\WINDOWS\system32\config\systemprofile\.dnx\bin;C:\Program Files\Microsoft DNX\Dnvm\;C:\MinGW\bin;D:\software program files (collage)\;C:\Program Files\Git\cmd;C:\Program Files\Git\mingw64\bin;C:\Program Files\Git\usr\bin;C:\Program Files\Java\jdk-11.0.10\bin;C:\Program Files (x86)\CrSSL\bin;C:\Program Files (x86)\CrSSL\bin;C:\Program Files\Microsoft SQL Server\Client SDK\ODBC\170\Tools\Binn\;C:\Program Files (x86)\Microsoft SQL Server\150\Tools\Binn\;C:\Program Files\Microsoft SQL Server\150\Tools\Binn\;C:\Program Files\M
USERNAME=DELL
OS=Windows_NT
PROCESSOR_IDENTIFIER=Intel64 Family 6 Model 78 Stepping 3, GenuineIntel



---------------  S Y S T E M  ---------------

OS: Windows 10 , 64 bit Build 17134 (10.0.17134.753)
OS uptime: 10 days 11:14 hours

CPU:total 4 (initial active 4) (2 cores per cpu, 2 threads per core) family 6 model 78 stepping 3 microcode 0xc6, cmov, cx8, fxsr, mmx, sse, sse2, sse3, ssse3, sse4.1, sse4.2, popcnt, avx, avx2, aes, clmul, erms, 3dnowpref, lzcnt, ht, tsc, tscinvbit, bmi1, bmi2, adx, fma

Memory: 4k page, system-wide physical 3797M (564M free)
TotalPageFile size 9362M (AvailPageFile size 5M)
current process WorkingSet (physical memory assigned to process): 9M, peak: 9M
current process commit charge ("private bytes"): 14M, peak: 15M

vm_info: OpenJDK 64-Bit Server VM (11.0.10+9) for windows-amd64 JRE (11.0.10+9), built on Jan 20 2021 06:07:07 by "" with MS VC++ 15.9 (VS2017)

END.
