#
# A fatal error has been detected by the Java Runtime Environment:
#
#  EXCEPTION_ACCESS_VIOLATION (0xc0000005) at pc=0x00007ffd31861c11, pid=5132, tid=8556
#
# JRE version:  (11.0.10+9) (build )
# Java VM: OpenJDK 64-Bit Server VM (11.0.10+9, mixed mode, sharing, tiered, unknown gc, windows-amd64)
# Problematic frame:
# C  [jimage.dll+0x1c11]
#
# No core dump will be written. Minidumps are not enabled by default on client versions of Windows
#
#

---------------  S U M M A R Y ------------

Command Line: 

Host: Intel(R) Core(TM) i5-6200U CPU @ 2.30GHz, 4 cores, 3G,  Windows 10 , 64 bit Build 17134 (10.0.17134.753)
Time: Fri Jan 21 21:26:41 2022 India Standard Time elapsed time: 0.261646 seconds (0d 0h 0m 0s)

---------------  T H R E A D  ---------------

Current thread is native thread

Stack: [0x000000568d900000,0x000000568da00000],  sp=0x000000568d9fd840,  free space=1014k
Native frames: (J=compiled Java code, j=interpreted, Vv=VM code, C=native code)
C  [jimage.dll+0x1c11]


siginfo: EXCEPTION_ACCESS_VIOLATION (0xc0000005), reading address 0x0000000000004a24


Registers:
RAX=0x0000000000001282, RBX=0x000000568d9fd931, RCX=0x00007ffd31866000, RDX=0x0000000000001282
RSP=0x000000568d9fd840, RBP=0x000000568d9fd930, RSI=0x0000000000008493, RDI=0x000000568d9fd930
R8 =0x00007ffd31864278, R9 =0x000000000000001c, R10=0x00007ffcc9e63e00, R11=0x00007ffd31866000
R12=0x000000568d9ff7d0, R13=0x0000015bf22073e0, R14=0x000000568d9fe9a0, R15=0x00007ffcc9e63eb8
RIP=0x00007ffd31861c11, EFLAGS=0x0000000000010246

Top of Stack: (sp=0x000000568d9fd840)
0x000000568d9fd840:   0000000000000000 0000000000000000
0x000000568d9fd850:   0000000000000100 0000000000000008
0x000000568d9fd860:   0000015bf21fc1f0 00007ffd31861d9f
0x000000568d9fd870:   000000000000000b 0000015bf21fc1f0
0x000000568d9fd880:   0000000000000000 0000000000000040
0x000000568d9fd890:   0000000000120010 00007ffcfa64ab40
0x000000568d9fd8a0:   0000000000000005 00007ffd31860000
0x000000568d9fd8b0:   0000000000000000 00007ffd3b2e567e
0x000000568d9fd8c0:   0000005600000000 0000000000000000
0x000000568d9fd8d0:   0000be2bef65f70d 0000000000000000
0x000000568d9fd8e0:   00007ffcc9e40d28 0000000000000017
0x000000568d9fd8f0:   0000015bf21fc1f0 000000568d9fe9a0
0x000000568d9fd900:   000000000000000b 00007ffd31862781
0x000000568d9fd910:   000000568d9fd950 000000568d9fd958
0x000000568d9fd920:   0000000000000000 00007ffd31864228
0x000000568d9fd930:   61622e6176616a2f 692f6b646a2f6573 

Instructions: (pc=0x00007ffd31861c11)
0x00007ffd31861b11:   d2 44 8d 42 40 e9 21 22 00 00 cc 40 53 48 83 ec
0x00007ffd31861b21:   20 48 8b d9 48 8b 49 48 48 85 c9 74 1d 80 3d db
0x00007ffd31861b31:   44 00 00 00 74 06 48 8b 53 18 eb 04 48 8b 53 40
0x00007ffd31861b41:   e8 26 10 00 00 48 83 63 48 00 8b 4b 0c 83 f9 ff
0x00007ffd31861b51:   74 09 e8 5c 0e 00 00 83 4b 0c ff 48 83 c4 20 5b
0x00007ffd31861b61:   c3 cc cc 40 53 48 83 ec 20 48 8b d9 48 8d 0d ac
0x00007ffd31861b71:   46 00 00 e8 43 0e 00 00 83 6b 08 01 75 24 48 8b
0x00007ffd31861b81:   d3 48 8d 0d 8f 44 00 00 e8 26 09 00 00 48 8b cb
0x00007ffd31861b91:   e8 aa fe ff ff ba 78 00 00 00 48 8b cb e8 41 10
0x00007ffd31861ba1:   00 00 48 8d 0d 76 46 00 00 48 83 c4 20 5b e9 10
0x00007ffd31861bb1:   0e 00 00 48 89 5c 24 08 48 89 74 24 10 57 48 83
0x00007ffd31861bc1:   ec 20 41 8b f1 4d 8b c8 48 8b fa 4c 8b d9 4d 85
0x00007ffd31861bd1:   c0 74 78 85 f6 74 74 44 8a 12 48 8d 5a 01 48 8b
0x00007ffd31861be1:   d3 b8 93 01 00 01 eb 12 69 c0 93 01 00 01 41 0f
0x00007ffd31861bf1:   b6 ca 44 8a 12 33 c1 48 ff c2 45 84 d2 75 e9 4d
0x00007ffd31861c01:   8b 03 0f ba f0 1f 33 d2 49 8b cb f7 f6 48 63 c2
0x00007ffd31861c11:   41 8b 14 81 41 ff 50 08 85 c0 7e 24 8a 0f eb 10
0x00007ffd31861c21:   69 c0 93 01 00 01 0f b6 c9 33 c1 8a 0b 48 ff c3
0x00007ffd31861c31:   84 c9 75 ec 0f ba f0 1f 33 d2 f7 f6 8b c2 eb 0e
0x00007ffd31861c41:   79 09 83 c9 ff 2b c8 8b c1 eb 03 83 c8 ff 48 8b
0x00007ffd31861c51:   5c 24 30 48 8b 74 24 38 48 83 c4 20 5f c3 cc 48
0x00007ffd31861c61:   89 5c 24 08 48 89 74 24 10 57 48 83 ec 20 48 8b
0x00007ffd31861c71:   f1 48 8d 0d a7 45 00 00 e8 3e 0d 00 00 33 ff 39
0x00007ffd31861c81:   3d 92 43 00 00 76 24 48 8b 05 91 43 00 00 48 8b
0x00007ffd31861c91:   d6 48 8b 1c f8 48 8b 0b e8 c2 20 00 00 85 c0 74
0x00007ffd31861ca1:   2b ff c7 3b 3d 6e 43 00 00 72 dc 33 db 48 8d 0d
0x00007ffd31861cb1:   6b 45 00 00 e8 0a 0d 00 00 48 8b 74 24 38 48 8b
0x00007ffd31861cc1:   c3 48 8b 5c 24 30 48 83 c4 20 5f c3 ff 43 08 eb
0x00007ffd31861cd1:   dc cc cc 48 89 5c 24 08 48 89 74 24 10 57 48 83
0x00007ffd31861ce1:   ec 20 48 8b d9 48 8b f2 48 8b 49 10 49 8b f8 8b
0x00007ffd31861cf1:   53 30 48 8b 01 ff 50 20 4c 8b 43 50 48 8b d6 48
0x00007ffd31861d01:   8b 4b 10 44 8b c8 e8 a8 fe ff ff 83 f8 ff 74 38 



---------------  P R O C E S S  ---------------

VM state:not at safepoint (not fully initialized)

VM Mutex/Monitor currently owned by a thread: None


Dynamic libraries:
0x00007ff6e3d80000 - 0x00007ff6e3d8d000 	C:\Program Files\AdoptOpenJDK\jdk-11.0.10.9-hotspot\bin\javaw.exe
0x00007ffd3e550000 - 0x00007ffd3e731000 	C:\WINDOWS\SYSTEM32\ntdll.dll
0x00007ffcfa640000 - 0x00007ffcfa656000 	C:\Program Files\AVAST Software\Avast\aswhook.dll
0x00007ffd3d310000 - 0x00007ffd3d3c1000 	C:\WINDOWS\System32\KERNEL32.DLL
0x00007ffd3b5b0000 - 0x00007ffd3b823000 	C:\WINDOWS\System32\KERNELBASE.dll
0x00007ffd3b2a0000 - 0x00007ffd3b398000 	C:\WINDOWS\System32\ucrtbase.dll
0x00007ffd105c0000 - 0x00007ffd105d7000 	C:\Program Files\AdoptOpenJDK\jdk-11.0.10.9-hotspot\bin\jli.dll
0x00007ffd105a0000 - 0x00007ffd105b5000 	C:\Program Files\AdoptOpenJDK\jdk-11.0.10.9-hotspot\bin\VCRUNTIME140.dll
0x00007ffd3b9d0000 - 0x00007ffd3bb60000 	C:\WINDOWS\System32\USER32.dll
0x00007ffd3b590000 - 0x00007ffd3b5b0000 	C:\WINDOWS\System32\win32u.dll
0x00007ffd3d3f0000 - 0x00007ffd3d418000 	C:\WINDOWS\System32\GDI32.dll
0x00007ffd3b830000 - 0x00007ffd3b9c1000 	C:\WINDOWS\System32\gdi32full.dll
0x00007ffd2c020000 - 0x00007ffd2c289000 	C:\WINDOWS\WinSxS\amd64_microsoft.windows.common-controls_6595b64144ccf1df_6.0.17134.1304_none_d3fbe61b7c93d9f0\COMCTL32.dll
0x00007ffd3b200000 - 0x00007ffd3b29f000 	C:\WINDOWS\System32\msvcp_win.dll
0x00007ffd3dc00000 - 0x00007ffd3dc9e000 	C:\WINDOWS\System32\msvcrt.dll
0x00007ffd3d4b0000 - 0x00007ffd3d7d1000 	C:\WINDOWS\System32\combase.dll
0x00007ffd3cfe0000 - 0x00007ffd3d104000 	C:\WINDOWS\System32\RPCRT4.dll
0x00007ffd3aa20000 - 0x00007ffd3aa99000 	C:\WINDOWS\System32\bcryptPrimitives.dll
0x00007ffd3cfb0000 - 0x00007ffd3cfdd000 	C:\WINDOWS\System32\IMM32.DLL
0x00007ffcff730000 - 0x00007ffcff7cb000 	C:\Program Files\AdoptOpenJDK\jdk-11.0.10.9-hotspot\bin\msvcp140.dll
0x00007ffcc9600000 - 0x00007ffcca143000 	C:\Program Files\AdoptOpenJDK\jdk-11.0.10.9-hotspot\bin\server\jvm.dll
0x00007ffd3dcb0000 - 0x00007ffd3dd51000 	C:\WINDOWS\System32\ADVAPI32.dll
0x00007ffd3d1c0000 - 0x00007ffd3d21b000 	C:\WINDOWS\System32\sechost.dll
0x00007ffd3dca0000 - 0x00007ffd3dca8000 	C:\WINDOWS\System32\PSAPI.DLL
0x00007ffd2a620000 - 0x00007ffd2a629000 	C:\WINDOWS\SYSTEM32\WSOCK32.dll
0x00007ffd380f0000 - 0x00007ffd38113000 	C:\WINDOWS\SYSTEM32\WINMM.dll
0x00007ffd31480000 - 0x00007ffd3148a000 	C:\WINDOWS\SYSTEM32\VERSION.dll
0x00007ffd3d440000 - 0x00007ffd3d4ac000 	C:\WINDOWS\System32\WS2_32.dll
0x00007ffd380c0000 - 0x00007ffd380ea000 	C:\WINDOWS\SYSTEM32\WINMMBASE.dll
0x00007ffd3b1b0000 - 0x00007ffd3b1f9000 	C:\WINDOWS\System32\cfgmgr32.dll
0x00007ffd3a8d0000 - 0x00007ffd3a8e1000 	C:\WINDOWS\System32\kernel.appcore.dll
0x00007ffd322a0000 - 0x00007ffd322b0000 	C:\Program Files\AdoptOpenJDK\jdk-11.0.10.9-hotspot\bin\verify.dll
0x00007ffd2fc40000 - 0x00007ffd2fe09000 	C:\WINDOWS\SYSTEM32\DBGHELP.DLL
0x00007ffd2fc10000 - 0x00007ffd2fc39000 	C:\WINDOWS\SYSTEM32\dbgcore.DLL
0x00007ffd22480000 - 0x00007ffd224a8000 	C:\Program Files\AdoptOpenJDK\jdk-11.0.10.9-hotspot\bin\java.dll
0x00007ffd31860000 - 0x00007ffd3186a000 	C:\Program Files\AdoptOpenJDK\jdk-11.0.10.9-hotspot\bin\jimage.dll

dbghelp: loaded successfully - version: 4.0.5 - missing functions: none
symbol engine: initialized successfully - sym options: 0x614 - pdb path: .;C:\Program Files\AdoptOpenJDK\jdk-11.0.10.9-hotspot\bin;C:\WINDOWS\SYSTEM32;C:\Program Files\AVAST Software\Avast;C:\WINDOWS\WinSxS\amd64_microsoft.windows.common-controls_6595b64144ccf1df_6.0.17134.1304_none_d3fbe61b7c93d9f0;C:\Program Files\AdoptOpenJDK\jdk-11.0.10.9-hotspot\bin\server

VM Arguments:
java_command: <unknown>
java_class_path (initial): <not set>
Launcher Type: SUN_STANDARD

[Global flags]
     bool UseLargePagesIndividualAllocation        = false                                  {pd product} {ergonomic}

Logging:
Log output configuration:
 #0: stdout all=warning uptime,level,tags
 #1: stderr all=off uptime,level,tags

Environment Variables:
JAVA_HOME=C:\Program Files\AdoptOpenJDK\jdk-11.0.10.9-hotspot
PATH=C:/Program Files/AdoptOpenJDK/jdk-11.0.10.9-hotspot/bin/client;C:/Program Files/AdoptOpenJDK/jdk-11.0.10.9-hotspot/bin;C:\Program Files\Common Files\Oracle\Java\javapath;D:\software program files (collage)\R-4.1.0\bin;C:\Program Files\AdoptOpenJDK\jdk-11.0.10.9-hotspot\bin;C:\Program Files (x86)\Common Files\Oracle\Java\javapath;C:\ProgramData\Oracle\Java\javapath;C:\Program Files (x86)\Intel\iCLS Client\;C:\Program Files\Intel\iCLS Client\;C:\WINDOWS\system32;C:\WINDOWS;C:\WINDOWS\System32\Wbem;C:\WINDOWS\System32\WindowsPowerShell\v1.0\;C:\Program Files (x86)\Intel\Intel(R) Management Engine Components\DAL;C:\Program Files\Intel\Intel(R) Management Engine Components\DAL;C:\Program Files (x86)\Intel\Intel(R) Management Engine Components\IPT;C:\Program Files\Intel\Intel(R) Management Engine Components\IPT;C:\Program Files\Intel\WiFi\bin\;C:\Program Files\Common Files\Intel\WirelessCommon\;C:\Program Files (x86)\Common Files\Roxio Shared\DLLShared\;C:\Program Files (x86)\Common Files\Roxio Shared\10.0\DLLShared\;C:\Program Files (x86)\Microsoft SQL Server\100\Tools\Binn\;C:\Program Files\Microsoft SQL Server\100\Tools\Binn\;C:\Program Files\Microsoft SQL Server\100\DTS\Binn\;C:\Program Files\Microsoft SQL Server\120\Tools\Binn\;C:\Program Files\Microsoft SQL Server\130\Tools\Binn\;C:\WINDOWS\System32\OpenSSH\;C:\Program Files (x86)\Microsoft SQL Server\100\Tools\Binn\VSShell\Common7\IDE\;C:\Program Files (x86)\Microsoft SQL Server\100\DTS\Binn\;C:\WINDOWS\system32\config\systemprofile\.dnx\bin;C:\Program Files\Microsoft DNX\Dnvm\;C:\MinGW\bin;D:\software program files (collage)\;C:\Program Files\Git\cmd;C:\Program Files\Git\mingw64\bin;C:\Program Files\Git\usr\bin;C:\Program Files\Java\jdk-11.0.10\bin;C:\Program Files (x86)\CrSSL\bin;C:\Program Files (x86)\CrSSL\bin;C:\Program Files\Microsoft SQL Server\Client SDK\ODBC\170\Tools\Binn\;C:\Program Files (x86)\Microsoft SQL Server\150\Tools\Binn\;C:\Program Files\Microsoft SQL Server\150\Tools\Binn\;C:\Program Files\M
USERNAME=DELL
OS=Windows_NT
PROCESSOR_IDENTIFIER=Intel64 Family 6 Model 78 Stepping 3, GenuineIntel



---------------  S Y S T E M  ---------------

OS: Windows 10 , 64 bit Build 17134 (10.0.17134.753)
OS uptime: 10 days 11:14 hours

CPU:total 4 (initial active 0) 

Memory: 4k page, system-wide physical 3797M (702M free)
TotalPageFile size 9362M (AvailPageFile size 3M)
current process WorkingSet (physical memory assigned to process): 7M, peak: 7M
current process commit charge ("private bytes"): 3M, peak: 3M

vm_info: OpenJDK 64-Bit Server VM (11.0.10+9) for windows-amd64 JRE (11.0.10+9), built on Jan 20 2021 06:07:07 by "" with MS VC++ 15.9 (VS2017)

END.
